-------------------------------------------------------------------------------
Test set: runner.RunCucumberTest
-------------------------------------------------------------------------------
Tests run: 2, Failures: 1, Errors: 0, Skipped: 0, Time elapsed: 33.609 s <<< FAILURE! - in runner.RunCucumberTest
Senaryo Ismi.Ilk Senaryoaaa  Time elapsed: 17.035 s  <<< FAILURE!
org.opentest4j.AssertionFailedError: 

