<?xml version="1.0" encoding="UTF-8"?>
<testsuite xmlns:xsi="http://www.w3.org/2001/XMLSchema-instance" xsi:noNamespaceSchemaLocation="https://maven.apache.org/surefire/maven-surefire-plugin/xsd/surefire-test-report-3.0.xsd" version="3.0" name="runner.RunCucumberTest" time="54.869" tests="2" errors="0" skipped="0" failures="1">
  <properties>
[...]
</properties>
  <testcase name="Ilk Senaryoaaa" classname="Senaryo Ismi" time="39.354">
    <failure type="org.opentest4j.AssertionFailedError"><![CDATA[org.opentest4j.AssertionFailedError: 
]]></failure>
    <system-out><![CDATA[********************** Test basliyor **********************
*-*-*-*-*-*-*-* DB baglantisi basarili *-*-*-*-*-*-*-*
*-*-*-*-*-*-*-* Collection baglantisi basarili *-*-*-*-*-*-*-*
*-*-*-*-*-*-*-*-*-* TEST ID BULUNDU :[1222] *-*-*-*-*-*-*-*-*-*
********************** Driver Setup Ediliyor **********************
********************** Test basariyla basladi **********************
Senaryo birinci adimm
Senaryo ikinci adimm
Senaryo ucuncu adimm
********************** Test sonlandi **********************
********************** Test basarisiz sonlandi **********************
*-*-*-*-*-*-*-* Test sonuclari db ye yazilacak *-*-*-*-*-*-*-*
Document{{id=1222, ScenarioName=Ilk Senaryoaaa, ScenarioStatus=FAILED, ScenarioDeneme=Cengo123, _id=63de680d4a287c5ae29db624}}
*-*-*-*-*-*-*-* Test sonuclari db ye yazildi *-*-*-*-*-*-*-*
********************** Driver sonlandi **********************
]]></system-out>
    <system-err><![CDATA[SLF4J: No SLF4J providers were found.
SLF4J: Defaulting to no-operation (NOP) logger implementation
SLF4J: See https://www.slf4j.org/codes.html#noProviders for further details.
Starting ChromeDriver 109.0.5414.74 (e7c5703604daa9cc128ccf5a5d3e993513758913-refs/branch-heads/5414@{#1172}) on port 22760
Only local connections are allowed.
Please see https://chromedriver.chromium.org/security-considerations for suggestions on keeping ChromeDriver safe.
ChromeDriver was started successfully.
Şub 04, 2023 5:13:28 PM org.openqa.selenium.remote.ProtocolHandshake createSession
INFO: Detected dialect: W3C
]]></system-err>
  </testcase>
  <testcase name="Ikinci Senaryoaaa" classname="Senaryo Ismi" time="9.542">
    <system-out><![CDATA[********************** Driver Setup Ediliyor **********************
********************** Test basariyla basladi **********************
Senaryo birinci adimm
Senaryo ikinci adimm
********************** Test sonlandi **********************
********************** Test basariyla sonlandi **********************
*-*-*-*-*-*-*-* Test sonuclari db ye yazilacak *-*-*-*-*-*-*-*
Document{{id=1222, ScenarioName=Ikinci Senaryoaaa, ScenarioStatus=PASSED, ScenarioDeneme=Cengo123, _id=63de68164a287c5ae29db625}}
*-*-*-*-*-*-*-* Test sonuclari db ye yazildi *-*-*-*-*-*-*-*
********************** Driver sonlandi **********************
]]></system-out>
    <system-err><![CDATA[Starting ChromeDriver 109.0.5414.74 (e7c5703604daa9cc128ccf5a5d3e993513758913-refs/branch-heads/5414@{#1172}) on port 22688
Only local connections are allowed.
Please see https://chromedriver.chromium.org/security-considerations for suggestions on keeping ChromeDriver safe.
ChromeDriver was started successfully.
Şub 04, 2023 5:13:39 PM org.openqa.selenium.remote.ProtocolHandshake createSession
INFO: Detected dialect: W3C
]]></system-err>
  </testcase>
</testsuite>